<?xml version="1.0" encoding="UTF-8"?>
<!-- Generated by org.testng.reporters.JUnitReportReporter -->
<testsuite skipped="0" hostname="SJAIN16" name="com.testautomation.TestRunner.TestRunner" tests="1" failures="0" timestamp="31 May 2020 14:49:12 GMT" time="42.496" errors="1">
  <testcase name="feature" time="42.496" classname="com.testautomation.TestRunner.TestRunner">
    <error type="cucumber.runtime.CucumberException" message="Could not convert arguments for step [Below Numbers is to be calculated.] defined at &#039;com.testautomation.StepDef.SearchStepDef.below_Numbers_is_to_be_calculated(SearchStepDef$CalcValues&gt;) in file:/C:/Users/sandeep.jain/Cucumber/SeleniumCucumberBDDFramework/target/classes/&#039;.
It appears you did not register a data table type. The details are in the stacktrace below.">
      <![CDATA[cucumber.runtime.CucumberException: Could not convert arguments for step [Below Numbers is to be calculated.] defined at 'com.testautomation.StepDef.SearchStepDef.below_Numbers_is_to_be_calculated(SearchStepDef$CalcValues>) in file:/C:/Users/sandeep.jain/Cucumber/SeleniumCucumberBDDFramework/target/classes/'.
It appears you did not register a data table type. The details are in the stacktrace below.
at cucumber.runner.PickleStepDefinitionMatch.registerTypeInConfiguration(PickleStepDefinitionMatch.java:59)
at cucumber.runner.PickleStepDefinitionMatch.runStep(PickleStepDefinitionMatch.java:44)
at cucumber.runner.TestStep.executeStep(TestStep.java:63)
at cucumber.runner.TestStep.run(TestStep.java:49)
at cucumber.runner.PickleStepTestStep.run(PickleStepTestStep.java:43)
at cucumber.runner.TestCase.run(TestCase.java:44)
at cucumber.runner.Runner.runPickle(Runner.java:40)
at cucumber.api.testng.TestNGCucumberRunner.runScenario(TestNGCucumberRunner.java:68)
at com.testautomation.TestRunner.TestRunner.feature(TestRunner.java:29)
at sun.reflect.NativeMethodAccessorImpl.invoke0(Native Method)
at sun.reflect.NativeMethodAccessorImpl.invoke(Unknown Source)
at sun.reflect.DelegatingMethodAccessorImpl.invoke(Unknown Source)
at java.lang.reflect.Method.invoke(Unknown Source)
at org.testng.internal.MethodInvocationHelper.invokeMethod(MethodInvocationHelper.java:124)
at org.testng.internal.Invoker.invokeMethod(Invoker.java:583)
at org.testng.internal.Invoker.invokeTestMethod(Invoker.java:719)
at org.testng.internal.Invoker.invokeTestMethods(Invoker.java:989)
at org.testng.internal.TestMethodWorker.invokeTestMethods(TestMethodWorker.java:125)
at org.testng.internal.TestMethodWorker.run(TestMethodWorker.java:109)
at org.testng.TestRunner.privateRun(TestRunner.java:648)
at org.testng.TestRunner.run(TestRunner.java:505)
at org.testng.SuiteRunner.runTest(SuiteRunner.java:455)
at org.testng.SuiteRunner.runSequentially(SuiteRunner.java:450)
at org.testng.SuiteRunner.privateRun(SuiteRunner.java:415)
at org.testng.SuiteRunner.run(SuiteRunner.java:364)
at org.testng.SuiteRunnerWorker.runSuite(SuiteRunnerWorker.java:52)
at org.testng.SuiteRunnerWorker.run(SuiteRunnerWorker.java:84)
at org.testng.TestNG.runSuitesSequentially(TestNG.java:1208)
at org.testng.TestNG.runSuitesLocally(TestNG.java:1137)
at org.testng.TestNG.runSuites(TestNG.java:1049)
at org.testng.TestNG.run(TestNG.java:1017)
at org.testng.remote.AbstractRemoteTestNG.run(AbstractRemoteTestNG.java:114)
at org.testng.remote.RemoteTestNG.initAndRun(RemoteTestNG.java:251)
at org.testng.remote.RemoteTestNG.main(RemoteTestNG.java:77)
Caused by: io.cucumber.datatable.UndefinedDataTableTypeException: Can't convert DataTable to List<com.testautomation.StepDef.SearchStepDef$CalcValues>.
You can register a DataTableType using DataTableType.entry(com.testautomation.StepDef.SearchStepDef$CalcValues.class).
For more control you can define your own DataTableType with a TableEntryTransformer or TableRowTransformer for com.testautomation.StepDef.SearchStepDef$CalcValues.

at io.cucumber.datatable.UndefinedDataTableTypeException.listNoConverterDefined(UndefinedDataTableTypeException.java:42)
at io.cucumber.datatable.DataTableTypeRegistryTableConverter.toList(DataTableTypeRegistryTableConverter.java:131)
at io.cucumber.datatable.DataTableTypeRegistryTableConverter.convert(DataTableTypeRegistryTableConverter.java:96)
at io.cucumber.datatable.DataTable.convert(DataTable.java:362)
at io.cucumber.stepexpression.StepExpressionFactory$3.transform(StepExpressionFactory.java:73)
at io.cucumber.stepexpression.DataTableArgument.getValue(DataTableArgument.java:19)
at cucumber.runner.PickleStepDefinitionMatch.runStep(PickleStepDefinitionMatch.java:41)
... 32 more
]]>
    </error>
  </testcase> <!-- feature -->
</testsuite> <!-- com.testautomation.TestRunner.TestRunner -->
